/cygdrive/c/Users/Rodrigo/Documents/Programacao/ECE297/doxygen/..\utils.c:2: warning: the name `/cygdrive/c/Users/Rodrigo/Documents/Programacao/ECE297/doxygen/..\utils.c' supplied as the second argument in the \file statement is not an input file
/cygdrive/c/Users/Rodrigo/Documents/Programacao/ECE297/doxygen/..\utils.h:2: warning: the name `/cygdrive/c/Users/Rodrigo/Documents/Programacao/ECE297/doxygen/..\utils.h' supplied as the second argument in the \file statement is not an input file
/cygdrive/c/Users/Rodrigo/Documents/Programacao/ECE297/doxygen/..\server.c:2: warning: the name `/cygdrive/c/Users/Rodrigo/Documents/Programacao/ECE297/doxygen/..\server.c' supplied as the second argument in the \file statement is not an input file
/cygdrive/c/Users/Rodrigo/Documents/Programacao/ECE297/doxygen/..\storage.c:2: warning: the name `/cygdrive/c/Users/Rodrigo/Documents/Programacao/ECE297/doxygen/..\storage.c' supplied as the second argument in the \file statement is not an input file
/cygdrive/c/Users/Rodrigo/Documents/Programacao/ECE297/doxygen/..\encrypt_passwd.c:2: warning: the name `/cygdrive/c/Users/Rodrigo/Documents/Programacao/ECE297/doxygen/..\encrypt_passwd.c' supplied as the second argument in the \file statement is not an input file
/cygdrive/c/Users/Rodrigo/Documents/Programacao/ECE297/doxygen/..\client.c:2: warning: the name `/cygdrive/c/Users/Rodrigo/Documents/Programacao/ECE297/doxygen/..\client.c' supplied as the second argument in the \file statement is not an input file
/cygdrive/c/Users/Rodrigo/Documents/Programacao/ECE297/doxygen/..\storage.h:2: warning: the name `/cygdrive/c/Users/Rodrigo/Documents/Programacao/ECE297/doxygen/..\storage.h' supplied as the second argument in the \file statement is not an input file
/cygdrive/c/Users/Rodrigo/Documents/Programacao/ECE297/doxygen/..\server.c:333: warning: Internal inconsistency: member main does not belong to any container!
/cygdrive/c/Users/Rodrigo/Documents/Programacao/ECE297/doxygen/..\storage.h:21: warning: Internal inconsistency: member MAX_HOST_LEN does not belong to any container!
/cygdrive/c/Users/Rodrigo/Documents/Programacao/ECE297/doxygen/..\storage.h:19: warning: Internal inconsistency: member MAX_USERNAME_LEN does not belong to any container!
/cygdrive/c/Users/Rodrigo/Documents/Programacao/ECE297/doxygen/..\storage.h:20: warning: Internal inconsistency: member MAX_ENC_PASSWORD_LEN does not belong to any container!
/cygdrive/c/Users/Rodrigo/Documents/Programacao/ECE297/doxygen/..\storage.h:28: warning: Internal inconsistency: member MAX_TABLE_LEN does not belong to any container!
/cygdrive/c/Users/Rodrigo/Documents/Programacao/ECE297/doxygen/..\storage.h:29: warning: Internal inconsistency: member MAX_KEY_LEN does not belong to any container!
/cygdrive/c/Users/Rodrigo/Documents/Programacao/ECE297/doxygen/..\storage.h:36: warning: Internal inconsistency: member MAX_VALUE_LEN does not belong to any container!
/cygdrive/c/Users/Rodrigo/Documents/Programacao/ECE297/doxygen/..\utils.h:22: warning: Internal inconsistency: member MAX_CMD_LEN does not belong to any container!
/cygdrive/c/Users/Rodrigo/Documents/Programacao/ECE297/doxygen/..\storage.c:25: warning: Internal inconsistency: member storage_connect does not belong to any container!
/cygdrive/c/Users/Rodrigo/Documents/Programacao/ECE297/doxygen/..\storage.c:76: warning: Internal inconsistency: member storage_auth does not belong to any container!
/cygdrive/c/Users/Rodrigo/Documents/Programacao/ECE297/doxygen/..\storage.c:276: warning: Internal inconsistency: member storage_disconnect does not belong to any container!
/cygdrive/c/Users/Rodrigo/Documents/Programacao/ECE297/doxygen/..\storage.c:195: warning: Internal inconsistency: member storage_set does not belong to any container!
/cygdrive/c/Users/Rodrigo/Documents/Programacao/ECE297/doxygen/..\storage.c:120: warning: Internal inconsistency: member storage_get does not belong to any container!
/cygdrive/c/Users/Rodrigo/Documents/Programacao/ECE297/doxygen/..\storage.c:276: warning: Internal inconsistency: member storage_disconnect does not belong to any container!
/cygdrive/c/Users/Rodrigo/Documents/Programacao/ECE297/doxygen/..\storage.c:295: warning: Internal inconsistency: member storage_query does not belong to any container!
/cygdrive/c/Users/Rodrigo/Documents/Programacao/ECE297/doxygen/..\storage.c:120: warning: Internal inconsistency: member storage_get does not belong to any container!
/cygdrive/c/Users/Rodrigo/Documents/Programacao/ECE297/doxygen/..\storage.c:120: warning: Internal inconsistency: member storage_get does not belong to any container!
/cygdrive/c/Users/Rodrigo/Documents/Programacao/ECE297/doxygen/..\storage.c:195: warning: Internal inconsistency: member storage_set does not belong to any container!
/cygdrive/c/Users/Rodrigo/Documents/Programacao/ECE297/doxygen/..\encrypt_passwd.c:14: warning: Internal inconsistency: member print_usage does not belong to any container!
/cygdrive/c/Users/Rodrigo/Documents/Programacao/ECE297/doxygen/..\server.c:333: warning: Internal inconsistency: member main does not belong to any container!
/cygdrive/c/Users/Rodrigo/Documents/Programacao/ECE297/doxygen/..\encrypt_passwd.c:14: warning: Internal inconsistency: member print_usage does not belong to any container!
/cygdrive/c/Users/Rodrigo/Documents/Programacao/ECE297/doxygen/..\utils.c:252: warning: Internal inconsistency: member generate_encrypted_password does not belong to any container!
/cygdrive/c/Users/Rodrigo/Documents/Programacao/ECE297/doxygen/..\server.c:40: warning: Internal inconsistency: member authentication_check does not belong to any container!
/cygdrive/c/Users/Rodrigo/Documents/Programacao/ECE297/doxygen/..\server.c:50: warning: Internal inconsistency: member checkColumns does not belong to any container!
/cygdrive/c/Users/Rodrigo/Documents/Programacao/ECE297/doxygen/..\storage.h:18: warning: Internal inconsistency: member MAX_CONFIG_LINE_LEN does not belong to any container!
/cygdrive/c/Users/Rodrigo/Documents/Programacao/ECE297/doxygen/..\storage.h:33: warning: Internal inconsistency: member MAX_COLUMNS_PER_TABLE does not belong to any container!
/cygdrive/c/Users/Rodrigo/Documents/Programacao/ECE297/doxygen/..\storage.h:33: warning: Internal inconsistency: member MAX_COLUMNS_PER_TABLE does not belong to any container!
/cygdrive/c/Users/Rodrigo/Documents/Programacao/ECE297/doxygen/..\storage.h:33: warning: Internal inconsistency: member MAX_COLUMNS_PER_TABLE does not belong to any container!
/cygdrive/c/Users/Rodrigo/Documents/Programacao/ECE297/doxygen/..\storage.h:33: warning: Internal inconsistency: member MAX_COLUMNS_PER_TABLE does not belong to any container!
/cygdrive/c/Users/Rodrigo/Documents/Programacao/ECE297/doxygen/..\server.c:129: warning: Internal inconsistency: member handle_command does not belong to any container!
/cygdrive/c/Users/Rodrigo/Documents/Programacao/ECE297/doxygen/..\storage.h:18: warning: Internal inconsistency: member MAX_CONFIG_LINE_LEN does not belong to any container!
/cygdrive/c/Users/Rodrigo/Documents/Programacao/ECE297/doxygen/..\server.c:40: warning: Internal inconsistency: member authentication_check does not belong to any container!
/cygdrive/c/Users/Rodrigo/Documents/Programacao/ECE297/doxygen/..\utils.c:299: warning: Internal inconsistency: member table_parser does not belong to any container!
/cygdrive/c/Users/Rodrigo/Documents/Programacao/ECE297/doxygen/..\utils.c:313: warning: Internal inconsistency: member key_parser does not belong to any container!
/cygdrive/c/Users/Rodrigo/Documents/Programacao/ECE297/doxygen/..\utils.c:337: warning: Internal inconsistency: member find_table does not belong to any container!
/cygdrive/c/Users/Rodrigo/Documents/Programacao/ECE297/doxygen/..\utils.c:349: warning: Internal inconsistency: member find_key does not belong to any container!
/cygdrive/c/Users/Rodrigo/Documents/Programacao/ECE297/doxygen/..\utils.c:494: warning: Internal inconsistency: member erase_space_ends does not belong to any container!
/cygdrive/c/Users/Rodrigo/Documents/Programacao/ECE297/doxygen/..\utils.c:299: warning: Internal inconsistency: member table_parser does not belong to any container!
/cygdrive/c/Users/Rodrigo/Documents/Programacao/ECE297/doxygen/..\utils.c:313: warning: Internal inconsistency: member key_parser does not belong to any container!
/cygdrive/c/Users/Rodrigo/Documents/Programacao/ECE297/doxygen/..\utils.c:324: warning: Internal inconsistency: member value_parser does not belong to any container!
/cygdrive/c/Users/Rodrigo/Documents/Programacao/ECE297/doxygen/..\utils.c:337: warning: Internal inconsistency: member find_table does not belong to any container!
/cygdrive/c/Users/Rodrigo/Documents/Programacao/ECE297/doxygen/..\server.c:50: warning: Internal inconsistency: member checkColumns does not belong to any container!
/cygdrive/c/Users/Rodrigo/Documents/Programacao/ECE297/doxygen/..\utils.c:349: warning: Internal inconsistency: member find_key does not belong to any container!
/cygdrive/c/Users/Rodrigo/Documents/Programacao/ECE297/doxygen/..\utils.c:361: warning: Internal inconsistency: member add_key does not belong to any container!
/cygdrive/c/Users/Rodrigo/Documents/Programacao/ECE297/doxygen/..\utils.c:385: warning: Internal inconsistency: member delete_key does not belong to any container!
/cygdrive/c/Users/Rodrigo/Documents/Programacao/ECE297/doxygen/..\utils.c:337: warning: Internal inconsistency: member find_table does not belong to any container!
/cygdrive/c/Users/Rodrigo/Documents/Programacao/ECE297/doxygen/..\utils.c:511: warning: Internal inconsistency: member query_parsing does not belong to any container!
/cygdrive/c/Users/Rodrigo/Documents/Programacao/ECE297/doxygen/..\utils.c:246: warning: Internal inconsistency: member logger does not belong to any container!
/cygdrive/c/Users/Rodrigo/Documents/Programacao/ECE297/doxygen/..\utils.c:20: warning: Internal inconsistency: member sendall does not belong to any container!
/cygdrive/c/Users/Rodrigo/Documents/Programacao/ECE297/doxygen/..\utils.c:20: warning: Internal inconsistency: member sendall does not belong to any container!
/cygdrive/c/Users/Rodrigo/Documents/Programacao/ECE297/doxygen/..\storage.h:18: warning: Internal inconsistency: member MAX_CONFIG_LINE_LEN does not belong to any container!
/cygdrive/c/Users/Rodrigo/Documents/Programacao/ECE297/doxygen/..\utils.h:22: warning: Internal inconsistency: member MAX_CMD_LEN does not belong to any container!
/cygdrive/c/Users/Rodrigo/Documents/Programacao/ECE297/doxygen/..\utils.c:40: warning: Internal inconsistency: member recvline does not belong to any container!
/cygdrive/c/Users/Rodrigo/Documents/Programacao/ECE297/doxygen/..\server.c:129: warning: Internal inconsistency: member handle_command does not belong to any container!
/cygdrive/c/Users/Rodrigo/Documents/Programacao/ECE297/doxygen/..\utils.c:246: warning: Internal inconsistency: member logger does not belong to any container!
/cygdrive/c/Users/Rodrigo/Documents/Programacao/ECE297/doxygen/..\server.c:333: warning: Internal inconsistency: member main does not belong to any container!
/cygdrive/c/Users/Rodrigo/Documents/Programacao/ECE297/doxygen/..\utils.c:203: warning: Internal inconsistency: member read_config does not belong to any container!
/cygdrive/c/Users/Rodrigo/Documents/Programacao/ECE297/doxygen/..\utils.c:284: warning: Internal inconsistency: member free_memory does not belong to any container!
/cygdrive/c/Users/Rodrigo/Documents/Programacao/ECE297/doxygen/..\utils.c:337: warning: Internal inconsistency: member find_table does not belong to any container!
/cygdrive/c/Users/Rodrigo/Documents/Programacao/ECE297/doxygen/..\storage.h:29: warning: Internal inconsistency: member MAX_KEY_LEN does not belong to any container!
/cygdrive/c/Users/Rodrigo/Documents/Programacao/ECE297/doxygen/..\storage.h:36: warning: Internal inconsistency: member MAX_VALUE_LEN does not belong to any container!
/cygdrive/c/Users/Rodrigo/Documents/Programacao/ECE297/doxygen/..\utils.c:349: warning: Internal inconsistency: member find_key does not belong to any container!
/cygdrive/c/Users/Rodrigo/Documents/Programacao/ECE297/doxygen/..\utils.c:361: warning: Internal inconsistency: member add_key does not belong to any container!
/cygdrive/c/Users/Rodrigo/Documents/Programacao/ECE297/doxygen/..\utils.c:246: warning: Internal inconsistency: member logger does not belong to any container!
/cygdrive/c/Users/Rodrigo/Documents/Programacao/ECE297/doxygen/..\utils.c:284: warning: Internal inconsistency: member free_memory does not belong to any container!
/cygdrive/c/Users/Rodrigo/Documents/Programacao/ECE297/doxygen/..\utils.c:284: warning: Internal inconsistency: member free_memory does not belong to any container!
/cygdrive/c/Users/Rodrigo/Documents/Programacao/ECE297/doxygen/..\utils.c:284: warning: Internal inconsistency: member free_memory does not belong to any container!
/cygdrive/c/Users/Rodrigo/Documents/Programacao/ECE297/doxygen/..\utils.c:284: warning: Internal inconsistency: member free_memory does not belong to any container!
/cygdrive/c/Users/Rodrigo/Documents/Programacao/ECE297/doxygen/..\utils.c:284: warning: Internal inconsistency: member free_memory does not belong to any container!
/cygdrive/c/Users/Rodrigo/Documents/Programacao/ECE297/doxygen/..\utils.c:246: warning: Internal inconsistency: member logger does not belong to any container!
/cygdrive/c/Users/Rodrigo/Documents/Programacao/ECE297/doxygen/..\utils.c:284: warning: Internal inconsistency: member free_memory does not belong to any container!
/cygdrive/c/Users/Rodrigo/Documents/Programacao/ECE297/doxygen/..\storage.c:25: warning: Internal inconsistency: member storage_connect does not belong to any container!
/cygdrive/c/Users/Rodrigo/Documents/Programacao/ECE297/doxygen/..\storage.h:39: warning: Internal inconsistency: member ERR_INVALID_PARAM does not belong to any container!
/cygdrive/c/Users/Rodrigo/Documents/Programacao/ECE297/doxygen/..\storage.h:39: warning: Internal inconsistency: member ERR_INVALID_PARAM does not belong to any container!
/cygdrive/c/Users/Rodrigo/Documents/Programacao/ECE297/doxygen/..\storage.h:40: warning: Internal inconsistency: member ERR_CONNECTION_FAIL does not belong to any container!
/cygdrive/c/Users/Rodrigo/Documents/Programacao/ECE297/doxygen/..\storage.h:22: warning: Internal inconsistency: member MAX_PORT_LEN does not belong to any container!
/cygdrive/c/Users/Rodrigo/Documents/Programacao/ECE297/doxygen/..\storage.h:40: warning: Internal inconsistency: member ERR_CONNECTION_FAIL does not belong to any container!
/cygdrive/c/Users/Rodrigo/Documents/Programacao/ECE297/doxygen/..\storage.h:40: warning: Internal inconsistency: member ERR_CONNECTION_FAIL does not belong to any container!
/cygdrive/c/Users/Rodrigo/Documents/Programacao/ECE297/doxygen/..\utils.c:246: warning: Internal inconsistency: member logger does not belong to any container!
/cygdrive/c/Users/Rodrigo/Documents/Programacao/ECE297/doxygen/..\storage.c:76: warning: Internal inconsistency: member storage_auth does not belong to any container!
/cygdrive/c/Users/Rodrigo/Documents/Programacao/ECE297/doxygen/..\storage.h:39: warning: Internal inconsistency: member ERR_INVALID_PARAM does not belong to any container!
/cygdrive/c/Users/Rodrigo/Documents/Programacao/ECE297/doxygen/..\utils.h:22: warning: Internal inconsistency: member MAX_CMD_LEN does not belong to any container!
/cygdrive/c/Users/Rodrigo/Documents/Programacao/ECE297/doxygen/..\utils.h:22: warning: Internal inconsistency: member MAX_CMD_LEN does not belong to any container!
/cygdrive/c/Users/Rodrigo/Documents/Programacao/ECE297/doxygen/..\utils.c:252: warning: Internal inconsistency: member generate_encrypted_password does not belong to any container!
/cygdrive/c/Users/Rodrigo/Documents/Programacao/ECE297/doxygen/..\utils.c:20: warning: Internal inconsistency: member sendall does not belong to any container!
/cygdrive/c/Users/Rodrigo/Documents/Programacao/ECE297/doxygen/..\utils.c:40: warning: Internal inconsistency: member recvline does not belong to any container!
/cygdrive/c/Users/Rodrigo/Documents/Programacao/ECE297/doxygen/..\utils.c:246: warning: Internal inconsistency: member logger does not belong to any container!
/cygdrive/c/Users/Rodrigo/Documents/Programacao/ECE297/doxygen/..\storage.h:40: warning: Internal inconsistency: member ERR_CONNECTION_FAIL does not belong to any container!
/cygdrive/c/Users/Rodrigo/Documents/Programacao/ECE297/doxygen/..\storage.h:45: warning: Internal inconsistency: member ERR_UNKNOWN does not belong to any container!
/cygdrive/c/Users/Rodrigo/Documents/Programacao/ECE297/doxygen/..\storage.c:120: warning: Internal inconsistency: member storage_get does not belong to any container!
/cygdrive/c/Users/Rodrigo/Documents/Programacao/ECE297/doxygen/..\storage.h:39: warning: Internal inconsistency: member ERR_INVALID_PARAM does not belong to any container!
/cygdrive/c/Users/Rodrigo/Documents/Programacao/ECE297/doxygen/..\utils.c:299: warning: Internal inconsistency: member table_parser does not belong to any container!
/cygdrive/c/Users/Rodrigo/Documents/Programacao/ECE297/doxygen/..\storage.h:39: warning: Internal inconsistency: member ERR_INVALID_PARAM does not belong to any container!
/cygdrive/c/Users/Rodrigo/Documents/Programacao/ECE297/doxygen/..\utils.c:313: warning: Internal inconsistency: member key_parser does not belong to any container!
/cygdrive/c/Users/Rodrigo/Documents/Programacao/ECE297/doxygen/..\storage.h:39: warning: Internal inconsistency: member ERR_INVALID_PARAM does not belong to any container!
/cygdrive/c/Users/Rodrigo/Documents/Programacao/ECE297/doxygen/..\utils.h:22: warning: Internal inconsistency: member MAX_CMD_LEN does not belong to any container!
/cygdrive/c/Users/Rodrigo/Documents/Programacao/ECE297/doxygen/..\storage.h:18: warning: Internal inconsistency: member MAX_CONFIG_LINE_LEN does not belong to any container!
/cygdrive/c/Users/Rodrigo/Documents/Programacao/ECE297/doxygen/..\storage.h:33: warning: Internal inconsistency: member MAX_COLUMNS_PER_TABLE does not belong to any container!
/cygdrive/c/Users/Rodrigo/Documents/Programacao/ECE297/doxygen/..\storage.h:33: warning: Internal inconsistency: member MAX_COLUMNS_PER_TABLE does not belong to any container!
/cygdrive/c/Users/Rodrigo/Documents/Programacao/ECE297/doxygen/..\utils.c:20: warning: Internal inconsistency: member sendall does not belong to any container!
/cygdrive/c/Users/Rodrigo/Documents/Programacao/ECE297/doxygen/..\utils.c:40: warning: Internal inconsistency: member recvline does not belong to any container!
/cygdrive/c/Users/Rodrigo/Documents/Programacao/ECE297/doxygen/..\utils.c:246: warning: Internal inconsistency: member logger does not belong to any container!
/cygdrive/c/Users/Rodrigo/Documents/Programacao/ECE297/doxygen/..\utils.c:494: warning: Internal inconsistency: member erase_space_ends does not belong to any container!
/cygdrive/c/Users/Rodrigo/Documents/Programacao/ECE297/doxygen/..\utils.c:494: warning: Internal inconsistency: member erase_space_ends does not belong to any container!
/cygdrive/c/Users/Rodrigo/Documents/Programacao/ECE297/doxygen/..\storage.h:40: warning: Internal inconsistency: member ERR_CONNECTION_FAIL does not belong to any container!
/cygdrive/c/Users/Rodrigo/Documents/Programacao/ECE297/doxygen/..\storage.h:45: warning: Internal inconsistency: member ERR_UNKNOWN does not belong to any container!
/cygdrive/c/Users/Rodrigo/Documents/Programacao/ECE297/doxygen/..\storage.c:195: warning: Internal inconsistency: member storage_set does not belong to any container!
/cygdrive/c/Users/Rodrigo/Documents/Programacao/ECE297/doxygen/..\storage.h:39: warning: Internal inconsistency: member ERR_INVALID_PARAM does not belong to any container!
/cygdrive/c/Users/Rodrigo/Documents/Programacao/ECE297/doxygen/..\utils.c:299: warning: Internal inconsistency: member table_parser does not belong to any container!
/cygdrive/c/Users/Rodrigo/Documents/Programacao/ECE297/doxygen/..\storage.h:39: warning: Internal inconsistency: member ERR_INVALID_PARAM does not belong to any container!
/cygdrive/c/Users/Rodrigo/Documents/Programacao/ECE297/doxygen/..\utils.c:313: warning: Internal inconsistency: member key_parser does not belong to any container!
/cygdrive/c/Users/Rodrigo/Documents/Programacao/ECE297/doxygen/..\storage.h:39: warning: Internal inconsistency: member ERR_INVALID_PARAM does not belong to any container!
/cygdrive/c/Users/Rodrigo/Documents/Programacao/ECE297/doxygen/..\utils.c:324: warning: Internal inconsistency: member value_parser does not belong to any container!
/cygdrive/c/Users/Rodrigo/Documents/Programacao/ECE297/doxygen/..\storage.h:39: warning: Internal inconsistency: member ERR_INVALID_PARAM does not belong to any container!
/cygdrive/c/Users/Rodrigo/Documents/Programacao/ECE297/doxygen/..\utils.h:22: warning: Internal inconsistency: member MAX_CMD_LEN does not belong to any container!
/cygdrive/c/Users/Rodrigo/Documents/Programacao/ECE297/doxygen/..\storage.h:18: warning: Internal inconsistency: member MAX_CONFIG_LINE_LEN does not belong to any container!
/cygdrive/c/Users/Rodrigo/Documents/Programacao/ECE297/doxygen/..\utils.c:20: warning: Internal inconsistency: member sendall does not belong to any container!
/cygdrive/c/Users/Rodrigo/Documents/Programacao/ECE297/doxygen/..\utils.c:40: warning: Internal inconsistency: member recvline does not belong to any container!
/cygdrive/c/Users/Rodrigo/Documents/Programacao/ECE297/doxygen/..\utils.c:246: warning: Internal inconsistency: member logger does not belong to any container!
/cygdrive/c/Users/Rodrigo/Documents/Programacao/ECE297/doxygen/..\storage.h:40: warning: Internal inconsistency: member ERR_CONNECTION_FAIL does not belong to any container!
/cygdrive/c/Users/Rodrigo/Documents/Programacao/ECE297/doxygen/..\storage.h:45: warning: Internal inconsistency: member ERR_UNKNOWN does not belong to any container!
/cygdrive/c/Users/Rodrigo/Documents/Programacao/ECE297/doxygen/..\storage.c:276: warning: Internal inconsistency: member storage_disconnect does not belong to any container!
/cygdrive/c/Users/Rodrigo/Documents/Programacao/ECE297/doxygen/..\storage.h:39: warning: Internal inconsistency: member ERR_INVALID_PARAM does not belong to any container!
/cygdrive/c/Users/Rodrigo/Documents/Programacao/ECE297/doxygen/..\storage.h:45: warning: Internal inconsistency: member ERR_UNKNOWN does not belong to any container!
/cygdrive/c/Users/Rodrigo/Documents/Programacao/ECE297/doxygen/..\storage.c:295: warning: Internal inconsistency: member storage_query does not belong to any container!
/cygdrive/c/Users/Rodrigo/Documents/Programacao/ECE297/doxygen/..\storage.h:39: warning: Internal inconsistency: member ERR_INVALID_PARAM does not belong to any container!
/cygdrive/c/Users/Rodrigo/Documents/Programacao/ECE297/doxygen/..\utils.c:299: warning: Internal inconsistency: member table_parser does not belong to any container!
/cygdrive/c/Users/Rodrigo/Documents/Programacao/ECE297/doxygen/..\storage.h:39: warning: Internal inconsistency: member ERR_INVALID_PARAM does not belong to any container!
/cygdrive/c/Users/Rodrigo/Documents/Programacao/ECE297/doxygen/..\utils.h:22: warning: Internal inconsistency: member MAX_CMD_LEN does not belong to any container!
/cygdrive/c/Users/Rodrigo/Documents/Programacao/ECE297/doxygen/..\utils.h:22: warning: Internal inconsistency: member MAX_CMD_LEN does not belong to any container!
/cygdrive/c/Users/Rodrigo/Documents/Programacao/ECE297/doxygen/..\storage.h:18: warning: Internal inconsistency: member MAX_CONFIG_LINE_LEN does not belong to any container!
/cygdrive/c/Users/Rodrigo/Documents/Programacao/ECE297/doxygen/..\utils.c:20: warning: Internal inconsistency: member sendall does not belong to any container!
/cygdrive/c/Users/Rodrigo/Documents/Programacao/ECE297/doxygen/..\utils.c:40: warning: Internal inconsistency: member recvline does not belong to any container!
/cygdrive/c/Users/Rodrigo/Documents/Programacao/ECE297/doxygen/..\utils.c:246: warning: Internal inconsistency: member logger does not belong to any container!
/cygdrive/c/Users/Rodrigo/Documents/Programacao/ECE297/doxygen/..\storage.h:40: warning: Internal inconsistency: member ERR_CONNECTION_FAIL does not belong to any container!
/cygdrive/c/Users/Rodrigo/Documents/Programacao/ECE297/doxygen/..\storage.h:45: warning: Internal inconsistency: member ERR_UNKNOWN does not belong to any container!
/cygdrive/c/Users/Rodrigo/Documents/Programacao/ECE297/doxygen/..\storage.h:36: warning: Internal inconsistency: member MAX_VALUE_LEN does not belong to any container!
/cygdrive/c/Users/Rodrigo/Documents/Programacao/ECE297/doxygen/..\storage.c:25: warning: Internal inconsistency: member storage_connect does not belong to any container!
/cygdrive/c/Users/Rodrigo/Documents/Programacao/ECE297/doxygen/..\storage.c:76: warning: Internal inconsistency: member storage_auth does not belong to any container!
/cygdrive/c/Users/Rodrigo/Documents/Programacao/ECE297/doxygen/..\storage.c:120: warning: Internal inconsistency: member storage_get does not belong to any container!
/cygdrive/c/Users/Rodrigo/Documents/Programacao/ECE297/doxygen/..\storage.c:195: warning: Internal inconsistency: member storage_set does not belong to any container!
/cygdrive/c/Users/Rodrigo/Documents/Programacao/ECE297/doxygen/..\storage.c:295: warning: Internal inconsistency: member storage_query does not belong to any container!
/cygdrive/c/Users/Rodrigo/Documents/Programacao/ECE297/doxygen/..\storage.c:276: warning: Internal inconsistency: member storage_disconnect does not belong to any container!
/cygdrive/c/Users/Rodrigo/Documents/Programacao/ECE297/doxygen/..\utils.c:20: warning: Internal inconsistency: member sendall does not belong to any container!
/cygdrive/c/Users/Rodrigo/Documents/Programacao/ECE297/doxygen/..\utils.c:40: warning: Internal inconsistency: member recvline does not belong to any container!
/cygdrive/c/Users/Rodrigo/Documents/Programacao/ECE297/doxygen/..\utils.c:72: warning: Internal inconsistency: member process_config_line does not belong to any container!
/cygdrive/c/Users/Rodrigo/Documents/Programacao/ECE297/doxygen/..\storage.h:18: warning: Internal inconsistency: member MAX_CONFIG_LINE_LEN does not belong to any container!
/cygdrive/c/Users/Rodrigo/Documents/Programacao/ECE297/doxygen/..\storage.h:18: warning: Internal inconsistency: member MAX_CONFIG_LINE_LEN does not belong to any container!
/cygdrive/c/Users/Rodrigo/Documents/Programacao/ECE297/doxygen/..\storage.h:18: warning: Internal inconsistency: member MAX_CONFIG_LINE_LEN does not belong to any container!
/cygdrive/c/Users/Rodrigo/Documents/Programacao/ECE297/doxygen/..\utils.c:299: warning: Internal inconsistency: member table_parser does not belong to any container!
/cygdrive/c/Users/Rodrigo/Documents/Programacao/ECE297/doxygen/..\utils.c:399: warning: Internal inconsistency: member columns_parser does not belong to any container!
/cygdrive/c/Users/Rodrigo/Documents/Programacao/ECE297/doxygen/..\utils.c:399: warning: Internal inconsistency: member columns_parser does not belong to any container!
/cygdrive/c/Users/Rodrigo/Documents/Programacao/ECE297/doxygen/..\utils.c:203: warning: Internal inconsistency: member read_config does not belong to any container!
/cygdrive/c/Users/Rodrigo/Documents/Programacao/ECE297/doxygen/..\storage.h:18: warning: Internal inconsistency: member MAX_CONFIG_LINE_LEN does not belong to any container!
/cygdrive/c/Users/Rodrigo/Documents/Programacao/ECE297/doxygen/..\utils.c:72: warning: Internal inconsistency: member process_config_line does not belong to any container!
/cygdrive/c/Users/Rodrigo/Documents/Programacao/ECE297/doxygen/..\utils.c:246: warning: Internal inconsistency: member logger does not belong to any container!
/cygdrive/c/Users/Rodrigo/Documents/Programacao/ECE297/doxygen/..\utils.c:252: warning: Internal inconsistency: member generate_encrypted_password does not belong to any container!
/cygdrive/c/Users/Rodrigo/Documents/Programacao/ECE297/doxygen/..\utils.c:284: warning: Internal inconsistency: member free_memory does not belong to any container!
/cygdrive/c/Users/Rodrigo/Documents/Programacao/ECE297/doxygen/..\utils.c:299: warning: Internal inconsistency: member table_parser does not belong to any container!
/cygdrive/c/Users/Rodrigo/Documents/Programacao/ECE297/doxygen/..\utils.c:313: warning: Internal inconsistency: member key_parser does not belong to any container!
/cygdrive/c/Users/Rodrigo/Documents/Programacao/ECE297/doxygen/..\utils.c:324: warning: Internal inconsistency: member value_parser does not belong to any container!
/cygdrive/c/Users/Rodrigo/Documents/Programacao/ECE297/doxygen/..\utils.c:337: warning: Internal inconsistency: member find_table does not belong to any container!
/cygdrive/c/Users/Rodrigo/Documents/Programacao/ECE297/doxygen/..\utils.c:349: warning: Internal inconsistency: member find_key does not belong to any container!
/cygdrive/c/Users/Rodrigo/Documents/Programacao/ECE297/doxygen/..\utils.c:361: warning: Internal inconsistency: member add_key does not belong to any container!
/cygdrive/c/Users/Rodrigo/Documents/Programacao/ECE297/doxygen/..\utils.c:385: warning: Internal inconsistency: member delete_key does not belong to any container!
/cygdrive/c/Users/Rodrigo/Documents/Programacao/ECE297/doxygen/..\utils.c:399: warning: Internal inconsistency: member columns_parser does not belong to any container!
/cygdrive/c/Users/Rodrigo/Documents/Programacao/ECE297/doxygen/..\storage.h:33: warning: Internal inconsistency: member MAX_COLUMNS_PER_TABLE does not belong to any container!
/cygdrive/c/Users/Rodrigo/Documents/Programacao/ECE297/doxygen/..\storage.h:18: warning: Internal inconsistency: member MAX_CONFIG_LINE_LEN does not belong to any container!
/cygdrive/c/Users/Rodrigo/Documents/Programacao/ECE297/doxygen/..\utils.c:494: warning: Internal inconsistency: member erase_space_ends does not belong to any container!
/cygdrive/c/Users/Rodrigo/Documents/Programacao/ECE297/doxygen/..\utils.c:494: warning: Internal inconsistency: member erase_space_ends does not belong to any container!
/cygdrive/c/Users/Rodrigo/Documents/Programacao/ECE297/doxygen/..\utils.c:494: warning: Internal inconsistency: member erase_space_ends does not belong to any container!
/cygdrive/c/Users/Rodrigo/Documents/Programacao/ECE297/doxygen/..\utils.c:511: warning: Internal inconsistency: member query_parsing does not belong to any container!
/cygdrive/c/Users/Rodrigo/Documents/Programacao/ECE297/doxygen/..\storage.h:33: warning: Internal inconsistency: member MAX_COLUMNS_PER_TABLE does not belong to any container!
/cygdrive/c/Users/Rodrigo/Documents/Programacao/ECE297/doxygen/..\storage.h:33: warning: Internal inconsistency: member MAX_COLUMNS_PER_TABLE does not belong to any container!
/cygdrive/c/Users/Rodrigo/Documents/Programacao/ECE297/doxygen/..\storage.h:33: warning: Internal inconsistency: member MAX_COLUMNS_PER_TABLE does not belong to any container!
/cygdrive/c/Users/Rodrigo/Documents/Programacao/ECE297/doxygen/..\storage.h:36: warning: Internal inconsistency: member MAX_VALUE_LEN does not belong to any container!
/cygdrive/c/Users/Rodrigo/Documents/Programacao/ECE297/doxygen/..\utils.c:494: warning: Internal inconsistency: member erase_space_ends does not belong to any container!
/cygdrive/c/Users/Rodrigo/Documents/Programacao/ECE297/doxygen/..\utils.c:494: warning: Internal inconsistency: member erase_space_ends does not belong to any container!
/cygdrive/c/Users/Rodrigo/Documents/Programacao/ECE297/doxygen/..\utils.c:494: warning: Internal inconsistency: member erase_space_ends does not belong to any container!
/cygdrive/c/Users/Rodrigo/Documents/Programacao/ECE297/doxygen/..\storage.h:36: warning: Internal inconsistency: member MAX_VALUE_LEN does not belong to any container!
/cygdrive/c/Users/Rodrigo/Documents/Programacao/ECE297/doxygen/..\utils.c:324: warning: Internal inconsistency: member value_parser does not belong to any container!
/cygdrive/c/Users/Rodrigo/Documents/Programacao/ECE297/doxygen/..\storage.h:36: warning: Internal inconsistency: member MAX_VALUE_LEN does not belong to any container!
/cygdrive/c/Users/Rodrigo/Documents/Programacao/ECE297/doxygen/..\utils.c:494: warning: Internal inconsistency: member erase_space_ends does not belong to any container!
/cygdrive/c/Users/Rodrigo/Documents/Programacao/ECE297/doxygen/..\utils.c:494: warning: Internal inconsistency: member erase_space_ends does not belong to any container!
/cygdrive/c/Users/Rodrigo/Documents/Programacao/ECE297/doxygen/..\utils.c:494: warning: Internal inconsistency: member erase_space_ends does not belong to any container!
/cygdrive/c/Users/Rodrigo/Documents/Programacao/ECE297/doxygen/..\storage.h:21: warning: Internal inconsistency: member MAX_HOST_LEN does not belong to any container!
/cygdrive/c/Users/Rodrigo/Documents/Programacao/ECE297/doxygen/..\storage.h:19: warning: Internal inconsistency: member MAX_USERNAME_LEN does not belong to any container!
/cygdrive/c/Users/Rodrigo/Documents/Programacao/ECE297/doxygen/..\storage.h:20: warning: Internal inconsistency: member MAX_ENC_PASSWORD_LEN does not belong to any container!
/cygdrive/c/Users/Rodrigo/Documents/Programacao/ECE297/doxygen/..\storage.h:29: warning: Internal inconsistency: member MAX_KEY_LEN does not belong to any container!
/cygdrive/c/Users/Rodrigo/Documents/Programacao/ECE297/doxygen/..\storage.h:28: warning: Internal inconsistency: member MAX_TABLE_LEN does not belong to any container!
/cygdrive/c/Users/Rodrigo/Documents/Programacao/ECE297/doxygen/..\storage.h:36: warning: Internal inconsistency: member MAX_VALUE_LEN does not belong to any container!
/cygdrive/c/Users/Rodrigo/Documents/Programacao/ECE297/doxygen/..\utils.c:20: warning: Internal inconsistency: member sendall does not belong to any container!
/cygdrive/c/Users/Rodrigo/Documents/Programacao/ECE297/doxygen/..\utils.c:40: warning: Internal inconsistency: member recvline does not belong to any container!
/cygdrive/c/Users/Rodrigo/Documents/Programacao/ECE297/doxygen/..\utils.c:203: warning: Internal inconsistency: member read_config does not belong to any container!
/cygdrive/c/Users/Rodrigo/Documents/Programacao/ECE297/doxygen/..\utils.c:246: warning: Internal inconsistency: member logger does not belong to any container!
/cygdrive/c/Users/Rodrigo/Documents/Programacao/ECE297/doxygen/..\utils.c:252: warning: Internal inconsistency: member generate_encrypted_password does not belong to any container!
/cygdrive/c/Users/Rodrigo/Documents/Programacao/ECE297/doxygen/..\utils.c:284: warning: Internal inconsistency: member free_memory does not belong to any container!
/cygdrive/c/Users/Rodrigo/Documents/Programacao/ECE297/doxygen/..\utils.c:299: warning: Internal inconsistency: member table_parser does not belong to any container!
/cygdrive/c/Users/Rodrigo/Documents/Programacao/ECE297/doxygen/..\utils.c:313: warning: Internal inconsistency: member key_parser does not belong to any container!
/cygdrive/c/Users/Rodrigo/Documents/Programacao/ECE297/doxygen/..\utils.c:324: warning: Internal inconsistency: member value_parser does not belong to any container!
/cygdrive/c/Users/Rodrigo/Documents/Programacao/ECE297/doxygen/..\utils.c:337: warning: Internal inconsistency: member find_table does not belong to any container!
/cygdrive/c/Users/Rodrigo/Documents/Programacao/ECE297/doxygen/..\utils.c:349: warning: Internal inconsistency: member find_key does not belong to any container!
/cygdrive/c/Users/Rodrigo/Documents/Programacao/ECE297/doxygen/..\utils.c:361: warning: Internal inconsistency: member add_key does not belong to any container!
/cygdrive/c/Users/Rodrigo/Documents/Programacao/ECE297/doxygen/..\utils.c:385: warning: Internal inconsistency: member delete_key does not belong to any container!
/cygdrive/c/Users/Rodrigo/Documents/Programacao/ECE297/doxygen/..\utils.c:399: warning: Internal inconsistency: member columns_parser does not belong to any container!
/cygdrive/c/Users/Rodrigo/Documents/Programacao/ECE297/doxygen/..\utils.c:494: warning: Internal inconsistency: member erase_space_ends does not belong to any container!
/cygdrive/c/Users/Rodrigo/Documents/Programacao/ECE297/doxygen/..\utils.c:511: warning: Internal inconsistency: member query_parsing does not belong to any container!
